<?xml version="1.0" encoding="UTF-8"?>
<!-- Generated by org.testng.reporters.JUnitReportReporter -->
<testsuite skipped="0" hostname="EPBYMINW1980.minsk.epam.com" name="test.SendTest" tests="1" failures="0" timestamp="27 Jun 2017 06:29:47 GMT" time="21.438" errors="0">
  <testcase name="sendMail" time="21.438" classname="test.SendTest"/>
</testsuite> <!-- test.SendTest -->
