<?xml version="1.0" encoding="UTF-8"?>
<!-- Generated by org.testng.reporters.JUnitReportReporter -->
<testsuite skipped="0" hostname="EPBYMINW1980.minsk.epam.com" name="test.LogoutTest" tests="1" failures="0" timestamp="27 Jun 2017 06:26:24 GMT" time="8.686" errors="0">
  <testcase name="logOut" time="8.686" classname="test.LogoutTest"/>
</testsuite> <!-- test.LogoutTest -->
