<?xml version="1.0" encoding="UTF-8"?>
<!-- Generated by org.testng.reporters.JUnitReportReporter -->
<testsuite skipped="0" hostname="EPBYMINW1980.minsk.epam.com" name="test.ComposeTest" tests="1" failures="0" timestamp="27 Jun 2017 06:25:47 GMT" time="10.402" errors="0">
  <testcase name="createDraftWithSubjectAndBodyl" time="10.402" classname="test.ComposeTest"/>
</testsuite> <!-- test.ComposeTest -->
