<?xml version="1.0" encoding="UTF-8"?>
<!-- Generated by org.testng.reporters.JUnitReportReporter -->
<testsuite skipped="0" hostname="EPBYMINW1980.minsk.epam.com" name="test.Selenium" tests="1" failures="0" timestamp="27 Jun 2017 06:26:39 GMT" time="7.235" errors="0">
  <testcase name="loginTest" time="7.235" classname="test.Selenium"/>
</testsuite> <!-- test.Selenium -->
